[T 07:34:30 14221] CodeQL CLI version 2.22.0
[T 07:34:30 14221] Initializing tracer.
[T 07:34:30 14221] Initializing tags.
[T 07:34:30 14221] ID set to 000000000000378D_0000000000000001 (parent root)
[T 07:34:30 14221] Initializing tracer.
[T 07:34:30 14221] Initializing tags.
[T 07:34:30 14221] ID set to 000000000000378D_0000000000000002 (parent root)
[T 07:34:30 14221] Warning: SEMMLE_EXEC and SEMMLE_EXECP not set. Falling back to path lookup on argv[0].
[T 07:34:30 14221] ==== Candidate to intercept: /home/nam/codeql-home/codeql/tools/linux64/runner-linux (canonical: /home/nam/codeql-home/codeql/tools/linux64/runner-linux) ====
[T 07:34:30 14221] Lua: === Intercepted call to /home/nam/codeql-home/codeql/tools/linux64/runner-linux ===
[T 07:34:30 14221] Executing the following tracer actions:
[T 07:34:30 14221] Tracer actions:
[T 07:34:30 14221] pre_invocations(0)
[T 07:34:30 14221] post_invocations(0)
[T 07:34:30 14221] trace_languages(1): [java]
[T 07:34:30 14221] Initializing tracer.
[T 07:34:30 14221] Initializing tags.
[T 07:34:30 14221] ID set to 000000000000378D_0000000000000003 (parent 000000000000378D_0000000000000002)
[T 07:34:30 14221] ==== Candidate to intercept: mvn (canonical: /usr/bin/mvn) ====
[T 07:34:30 14221] Lua: === Intercepted call to /usr/bin/mvn ===
[T 07:34:30 14221] Executing the following tracer actions:
[T 07:34:30 14221] Tracer actions:
[T 07:34:30 14221] pre_invocations(0)
[T 07:34:30 14221] post_invocations(0)
[T 07:34:30 14221] trace_languages(1): [java]
[T 07:34:30 14224] Initializing tracer.
[T 07:34:30 14224] Initializing tags.
[T 07:34:30 14224] ID set to 0000000000003790_0000000000000001 (parent 000000000000378D_0000000000000003)
[T 07:34:30 14224] ==== Candidate to intercept: /usr/bin/uname (canonical: /usr/bin/uname) ====
[T 07:34:30 14224] Lua: === Intercepted call to /usr/bin/uname ===
[T 07:34:30 14224] Executing the following tracer actions:
[T 07:34:30 14224] Tracer actions:
[T 07:34:30 14224] pre_invocations(0)
[T 07:34:30 14224] post_invocations(0)
[T 07:34:30 14224] trace_languages(1): [java]
[T 07:34:30 14225] Initializing tracer.
[T 07:34:30 14225] Initializing tags.
[T 07:34:30 14225] ID set to 0000000000003791_0000000000000001 (parent 000000000000378D_0000000000000003)
[T 07:34:30 14225] ==== Candidate to intercept: /usr/bin/ls (canonical: /usr/bin/ls) ====
[T 07:34:30 14225] Lua: === Intercepted call to /usr/bin/ls ===
[T 07:34:30 14225] Executing the following tracer actions:
[T 07:34:30 14225] Tracer actions:
[T 07:34:30 14225] pre_invocations(0)
[T 07:34:30 14225] post_invocations(0)
[T 07:34:30 14225] trace_languages(1): [java]
[T 07:34:30 14226] Initializing tracer.
[T 07:34:30 14226] Initializing tags.
[T 07:34:30 14226] ID set to 0000000000003792_0000000000000001 (parent 000000000000378D_0000000000000003)
[T 07:34:30 14226] ==== Candidate to intercept: /usr/bin/expr (canonical: /usr/bin/expr) ====
[T 07:34:30 14226] Lua: === Intercepted call to /usr/bin/expr ===
[T 07:34:30 14226] Executing the following tracer actions:
[T 07:34:30 14226] Tracer actions:
[T 07:34:30 14226] pre_invocations(0)
[T 07:34:30 14226] post_invocations(0)
[T 07:34:30 14226] trace_languages(1): [java]
[T 07:34:30 14227] Initializing tracer.
[T 07:34:30 14227] Initializing tags.
[T 07:34:30 14227] ID set to 0000000000003793_0000000000000001 (parent 000000000000378D_0000000000000003)
[T 07:34:30 14227] ==== Candidate to intercept: /usr/bin/expr (canonical: /usr/bin/expr) ====
[T 07:34:30 14227] Lua: === Intercepted call to /usr/bin/expr ===
[T 07:34:30 14227] Executing the following tracer actions:
[T 07:34:30 14227] Tracer actions:
[T 07:34:30 14227] pre_invocations(0)
[T 07:34:30 14227] post_invocations(0)
[T 07:34:30 14227] trace_languages(1): [java]
[T 07:34:30 14228] Initializing tracer.
[T 07:34:30 14228] Initializing tags.
[T 07:34:30 14228] ID set to 0000000000003794_0000000000000001 (parent 000000000000378D_0000000000000003)
[T 07:34:30 14228] ==== Candidate to intercept: /usr/bin/ls (canonical: /usr/bin/ls) ====
[T 07:34:30 14228] Lua: === Intercepted call to /usr/bin/ls ===
[T 07:34:30 14228] Executing the following tracer actions:
[T 07:34:30 14228] Tracer actions:
[T 07:34:30 14228] pre_invocations(0)
[T 07:34:30 14228] post_invocations(0)
[T 07:34:30 14228] trace_languages(1): [java]
[T 07:34:30 14229] Initializing tracer.
[T 07:34:30 14229] Initializing tags.
[T 07:34:30 14229] ID set to 0000000000003795_0000000000000001 (parent 000000000000378D_0000000000000003)
[T 07:34:30 14229] ==== Candidate to intercept: /usr/bin/expr (canonical: /usr/bin/expr) ====
[T 07:34:30 14229] Lua: === Intercepted call to /usr/bin/expr ===
[T 07:34:30 14229] Executing the following tracer actions:
[T 07:34:30 14229] Tracer actions:
[T 07:34:30 14229] pre_invocations(0)
[T 07:34:30 14229] post_invocations(0)
[T 07:34:30 14229] trace_languages(1): [java]
[T 07:34:30 14230] Initializing tracer.
[T 07:34:30 14230] Initializing tags.
[T 07:34:30 14230] ID set to 0000000000003796_0000000000000001 (parent 000000000000378D_0000000000000003)
[T 07:34:30 14230] ==== Candidate to intercept: /usr/bin/expr (canonical: /usr/bin/expr) ====
[T 07:34:30 14230] Lua: === Intercepted call to /usr/bin/expr ===
[T 07:34:30 14230] Executing the following tracer actions:
[T 07:34:30 14230] Tracer actions:
[T 07:34:30 14230] pre_invocations(0)
[T 07:34:30 14230] post_invocations(0)
[T 07:34:30 14230] trace_languages(1): [java]
[T 07:34:30 14232] Initializing tracer.
[T 07:34:30 14232] Initializing tags.
[T 07:34:30 14232] ID set to 0000000000003798_0000000000000001 (parent 000000000000378D_0000000000000003)
[T 07:34:30 14232] ==== Candidate to intercept: /usr/bin/dirname (canonical: /usr/bin/dirname) ====
[T 07:34:30 14232] Lua: === Intercepted call to /usr/bin/dirname ===
[T 07:34:30 14232] Executing the following tracer actions:
[T 07:34:30 14232] Tracer actions:
[T 07:34:30 14232] pre_invocations(0)
[T 07:34:30 14232] post_invocations(0)
[T 07:34:30 14232] trace_languages(1): [java]
[T 07:34:30 14221] Initializing tracer.
[T 07:34:30 14221] Initializing tags.
[T 07:34:30 14221] ID set to 000000000000378D_0000000000000004 (parent 000000000000378D_0000000000000003)
[T 07:34:30 14221] ==== Candidate to intercept: /usr/lib/jvm/jdk1.8.0_202//bin/java (canonical: /usr/lib/jvm/jdk1.8.0_202/bin/java) ====
[T 07:34:30 14221] Lua: === Intercepted call to /usr/lib/jvm/jdk1.8.0_202/bin/java ===
[T 07:34:30 14221] Executing the following tracer actions:
[T 07:34:30 14221] Tracer actions:
[T 07:34:30 14221] pre_invocations(0)
[T 07:34:30 14221] post_invocations(0)
[T 07:34:30 14221] trace_languages(1): [java]
[T 07:34:30 14221] Passing through -javaagent:/home/nam/codeql-home/codeql/java/tools/codeql-java-agent.jar=ignore-project,java,kotlin to underlying JVM.
[T 07:34:30 14221] Passing through -Xbootclasspath/a:/home/nam/codeql-home/codeql/java/tools/codeql-java-agent.jar to underlying JVM.
[T 07:34:30 14221] Intercepted JVM creation with extra hidden args: ['-javaagent:/home/nam/codeql-home/codeql/java/tools/codeql-java-agent.jar=ignore-project,java,kotlin' '-Xbootclasspath/a:/home/nam/codeql-home/codeql/java/tools/codeql-java-agent.jar' ] (result: 1, 0).
[T 07:34:33 14280] Initializing tracer.
[T 07:34:33 14280] Initializing tags.
[T 07:34:33 14280] ID set to 00000000000037C8_0000000000000001 (parent 000000000000378D_0000000000000004)
[T 07:34:33 14280] ==== Candidate to intercept: /home/nam/codeql-home/codeql/java/tools/linux64/jdk-extractor-java/bin/java (canonical: /home/nam/codeql-home/codeql/java/tools/linux64/jdk-extractor-java/bin/java) ====
[T 07:34:33 14280] Lua: === Intercepted call to /home/nam/codeql-home/codeql/java/tools/linux64/jdk-extractor-java/bin/java ===
[T 07:34:33 14280] Executing the following tracer actions:
[T 07:34:33 14280] Tracer actions:
[T 07:34:33 14280] pre_invocations(0)
[T 07:34:33 14280] post_invocations(0)
[T 07:34:33 14280] trace_languages(1): [java]
[T 07:34:33 14280] Passing through -javaagent:/home/nam/codeql-home/codeql/java/tools/codeql-java-agent.jar=ignore-project,java,kotlin to underlying JVM.
[T 07:34:33 14280] Passing through -Xbootclasspath/a:/home/nam/codeql-home/codeql/java/tools/codeql-java-agent.jar to underlying JVM.
[T 07:34:33 14280] Intercepted JVM creation with extra hidden args: ['-javaagent:/home/nam/codeql-home/codeql/java/tools/codeql-java-agent.jar=ignore-project,java,kotlin' '-Xbootclasspath/a:/home/nam/codeql-home/codeql/java/tools/codeql-java-agent.jar' ] (result: 1, 0).
[T 07:34:41 14334] Initializing tracer.
[T 07:34:41 14334] Initializing tags.
[T 07:34:41 14334] ID set to 00000000000037FE_0000000000000001 (parent 000000000000378D_0000000000000004)
[T 07:34:41 14334] ==== Candidate to intercept: /home/nam/codeql-home/codeql/java/tools/linux64/jdk-extractor-java/bin/java (canonical: /home/nam/codeql-home/codeql/java/tools/linux64/jdk-extractor-java/bin/java) ====
[T 07:34:41 14334] Lua: === Intercepted call to /home/nam/codeql-home/codeql/java/tools/linux64/jdk-extractor-java/bin/java ===
[T 07:34:41 14334] Executing the following tracer actions:
[T 07:34:41 14334] Tracer actions:
[T 07:34:41 14334] pre_invocations(0)
[T 07:34:41 14334] post_invocations(0)
[T 07:34:41 14334] trace_languages(1): [java]
[T 07:34:41 14334] Passing through -javaagent:/home/nam/codeql-home/codeql/java/tools/codeql-java-agent.jar=ignore-project,java,kotlin to underlying JVM.
[T 07:34:41 14334] Passing through -Xbootclasspath/a:/home/nam/codeql-home/codeql/java/tools/codeql-java-agent.jar to underlying JVM.
[T 07:34:41 14334] Intercepted JVM creation with extra hidden args: ['-javaagent:/home/nam/codeql-home/codeql/java/tools/codeql-java-agent.jar=ignore-project,java,kotlin' '-Xbootclasspath/a:/home/nam/codeql-home/codeql/java/tools/codeql-java-agent.jar' ] (result: 1, 0).
