[2025-06-18 14:34:41] [javac-extractor-14334] Starting extraction for:
                                              sun.java.command=com.semmle.extractor.java.JavaExtractor --jdk-version -1 --javac-args @@@/home/nam/Documents/JDD/codeql_project/log/ext/javac-1.args
                                              user.dir=/home/nam/Documents/JDD
[2025-06-18 14:34:41] [javac-extractor-14334] Compilation name /home/nam/Documents/JDD/codeql_project/trap/java/diagnostics/diagnostic-1.trap.gz
[2025-06-18 14:34:41] [javac-extractor-14334] Annotation processors enabled, and lombok usage detected in file: /home/nam/Documents/JDD/src/main/jdd/gadgets/collection/iocd/unit/DependenceRecord.java
[2025-06-18 14:34:41] [javac-extractor-14334] Annotation processors enabled, and lombok usage detected in file: /home/nam/Documents/JDD/src/main/jdd/gadgets/collection/iocd/unit/instrument/MethodInstRecord.java
[2025-06-18 14:34:41] [javac-extractor-14334] Annotation processors enabled, and lombok usage detected in file: /home/nam/Documents/JDD/src/main/jdd/gadgets/collection/rule/SinkCheck.java
[2025-06-18 14:34:41] [javac-extractor-14334] Annotation processors enabled, and lombok usage detected in file: /home/nam/Documents/JDD/src/main/jdd/tranModel/Rules/TaintGenerateRule.java
[2025-06-18 14:34:41] [javac-extractor-14334] Annotation processors enabled, and lombok usage detected in file: /home/nam/Documents/JDD/src/main/jdd/structure/RuleDataStructure.java
[2025-06-18 14:34:41] [javac-extractor-14334] Annotation processors enabled, and lombok usage detected in file: /home/nam/Documents/JDD/src/main/java/cfg/CFG.java
[2025-06-18 14:34:41] [javac-extractor-14334] Annotation processors enabled, and lombok usage detected in file: /home/nam/Documents/JDD/src/main/jdd/detetor/SearchGadgetChains.java
[2025-06-18 14:34:41] [javac-extractor-14334] Annotation processors enabled, and lombok usage detected in file: /home/nam/Documents/JDD/src/main/jdd/gadgets/collection/iocd/unit/MethodRecord.java
[2025-06-18 14:34:41] [javac-extractor-14334] Annotation processors enabled, and lombok usage detected in file: /home/nam/Documents/JDD/src/main/java/util/StaticAnalyzeUtils/Parameter.java
[2025-06-18 14:34:41] [javac-extractor-14334] Annotation processors enabled, and lombok usage detected in file: /home/nam/Documents/JDD/src/main/jdd/rules/sinks/JNDICheckRule.java
[2025-06-18 14:34:41] [javac-extractor-14334] Annotation processors enabled, and lombok usage detected in file: /home/nam/Documents/JDD/src/main/jdd/gadgets/collection/iocd/unit/ClassRecord.java
[2025-06-18 14:34:41] [javac-extractor-14334] Annotation processors enabled, and lombok usage detected in file: /home/nam/Documents/JDD/src/main/java/util/TimeMeasurement.java
[2025-06-18 14:34:41] [javac-extractor-14334] Annotation processors enabled, and lombok usage detected in file: /home/nam/Documents/JDD/src/main/java/util/TimeOutTask.java
[2025-06-18 14:34:41] [javac-extractor-14334] Annotation processors enabled, and lombok usage detected in file: /home/nam/Documents/JDD/src/main/jdd/tranModel/TranUtil.java
[2025-06-18 14:34:41] [javac-extractor-14334] Annotation processors enabled, and lombok usage detected in file: /home/nam/Documents/JDD/src/main/jdd/PointToAnalyze/pointer/Pointer.java
[2025-06-18 14:34:41] [javac-extractor-14334] Annotation processors enabled, and lombok usage detected in file: /home/nam/Documents/JDD/src/main/jdd/rules/protocol/JsonProtocolCheckRule.java
[2025-06-18 14:34:41] [javac-extractor-14334] Annotation processors enabled, and lombok usage detected in file: /home/nam/Documents/JDD/src/main/jdd/gadgets/collection/iocd/unit/instrument/SinkInstRecord.java
[2025-06-18 14:34:41] [javac-extractor-14334] Annotation processors enabled, and lombok usage detected in file: /home/nam/Documents/JDD/src/main/jdd/rules/protocol/AbstractProtocolCheckRule.java
[2025-06-18 14:34:41] [javac-extractor-14334] Annotation processors enabled, and lombok usage detected in file: /home/nam/Documents/JDD/src/main/jdd/rules/protocol/JdkNativeProtocolCheckRule.java
[2025-06-18 14:34:41] [javac-extractor-14334] Annotation processors enabled, and lombok usage detected in file: /home/nam/Documents/JDD/src/main/jdd/rules/protocol/HessianProtocolCheckRule.java
[2025-06-18 14:34:41] [javac-extractor-14334] Annotation processors enabled, and lombok usage detected in file: /home/nam/Documents/JDD/src/main/jdd/tranModel/Rules/TaintSpreadRule.java
[2025-06-18 14:34:41] [javac-extractor-14334] Annotation processors enabled, and lombok usage detected in file: /home/nam/Documents/JDD/src/main/jdd/util/DataSaveLoadUtil.java
[2025-06-18 14:34:41] [javac-extractor-14334] Annotation processors enabled, and lombok usage detected in file: /home/nam/Documents/JDD/src/main/java/cfg/Node.java
[2025-06-18 14:34:41] [javac-extractor-14334] Annotation processors enabled, and lombok usage detected in file: /home/nam/Documents/JDD/src/main/jdd/gadgets/collection/iocd/unit/ConditionRecord.java
[2025-06-18 14:34:41] [javac-extractor-14334] Annotation processors enabled, and lombok usage detected in file: /home/nam/Documents/JDD/src/main/jdd/rules/sinks/InvokeCheckRule.java
[2025-06-18 14:34:41] [javac-extractor-14334] Annotation processors enabled, and lombok usage detected in file: /home/nam/Documents/JDD/src/main/jdd/gadgets/collection/iocd/unit/ParameterRecord.java
[2025-06-18 14:34:41] [javac-extractor-14334] Annotation processors enabled, and lombok usage detected in file: /home/nam/Documents/JDD/src/main/jdd/config/SootConfig.java
[2025-06-18 14:34:41] [javac-extractor-14334] Annotation processors enabled, and lombok usage detected in file: /home/nam/Documents/JDD/src/main/jdd/config/ConfigUtil.java
[2025-06-18 14:34:41] [javac-extractor-14334] Annotation processors enabled, and lombok usage detected in file: /home/nam/Documents/JDD/src/main/java/DefaultDetector/Detector.java
[2025-06-18 14:34:41] [javac-extractor-14334] Annotation processors enabled, and lombok usage detected in file: /home/nam/Documents/JDD/src/main/jdd/dataflow/DataFlowAnalysisUtils.java
[2025-06-18 14:34:41] [javac-extractor-14334] Annotation processors enabled, and lombok usage detected in file: /home/nam/Documents/JDD/src/main/java/util/DirTraversal.java
[2025-06-18 14:34:41] [javac-extractor-14334] Annotation processors enabled, and lombok usage detected in file: /home/nam/Documents/JDD/src/main/jdd/gadgets/collection/iocd/unit/instrument/Instruments.java
[2025-06-18 14:34:41] [javac-extractor-14334] Annotation processors enabled, and lombok usage detected in file: /home/nam/Documents/JDD/src/main/java/cg/CG.java
[2025-06-18 14:34:41] [javac-extractor-14334] Annotation processors enabled, and lombok usage detected in file: /home/nam/Documents/JDD/src/main/jdd/runner/SearchGadgetChain.java
[2025-06-18 14:34:41] [javac-extractor-14334] Annotation processors enabled, and lombok usage detected in file: /home/nam/Documents/JDD/src/main/jdd/gadgets/collection/iocd/unit/SinkRecord.java
[2025-06-18 14:34:41] [javac-extractor-14334] Annotation processors enabled, and lombok usage detected in file: /home/nam/Documents/JDD/src/main/jdd/container/FragmentsContainer.java
[2025-06-18 14:34:41] [javac-extractor-14334] Annotation processors enabled, and lombok usage detected in file: /home/nam/Documents/JDD/src/main/java/util/StaticAnalyzeUtils/ClassUtils.java
[2025-06-18 14:34:41] [javac-extractor-14334] Annotation processors enabled, and lombok usage detected in file: /home/nam/Documents/JDD/src/main/jdd/dataflow/node/MethodDescriptor.java
[2025-06-18 14:34:41] [javac-extractor-14334] Annotation processors enabled, and lombok usage detected in file: /home/nam/Documents/JDD/src/main/jdd/dataflow/DataflowDetect.java
[2025-06-18 14:34:41] [javac-extractor-14334] Annotation processors enabled, and lombok usage detected in file: /home/nam/Documents/JDD/src/main/java/util/LogUtil.java
[2025-06-18 14:34:41] [javac-extractor-14334] Annotation processors enabled, and lombok usage detected in file: /home/nam/Documents/JDD/src/main/jdd/gadgets/collection/iocd/TransformerUtils.java
[2025-06-18 14:34:41] [javac-extractor-14334] Annotation processors enabled, and lombok usage detected in file: /home/nam/Documents/JDD/src/main/jdd/gadgets/unit/Fragment.java
[2025-06-18 14:34:41] [javac-extractor-14334] Annotation processors enabled, and lombok usage detected in file: /home/nam/Documents/JDD/src/main/jdd/gadgets/collection/iocd/unit/FieldRecord.java
[2025-06-18 14:34:41] [javac-extractor-14334] Annotation processors enabled, and lombok usage detected in file: /home/nam/Documents/JDD/src/main/jdd/util/Utils.java
[2025-06-18 14:34:41] [javac-extractor-14334] Annotation processors enabled, and lombok usage detected in file: /home/nam/Documents/JDD/src/main/jdd/gadgets/collection/iocd/unit/instrument/IfStmtInstRecord.java
[2025-06-18 14:34:41] [javac-extractor-14334] [WARN] Appending source destination directory /home/nam/Documents/JDD/target/generated-test-sources/test-annotations to sourcepath
[2025-06-18 14:34:42] [javac-extractor-14334] Annotation processor class 'lombok.launch.AnnotationProcessorHider$AnnotationProcessor' initialized.
[2025-06-18 14:34:43] [javac-extractor-14334] Annotation processor class 'lombok.launch.AnnotationProcessorHider$ClaimingProcessor' initialized.
[2025-06-18 14:34:43] [javac-extractor-14334] Javac init time: 1.8s
[2025-06-18 14:34:43] [javac-extractor-14334] Javac attr time: 0.5s
[2025-06-18 14:34:43] [javac-extractor-14334] Extractor time: 0.0s
[2025-06-18 14:34:43] [javac-extractor-14334] Other time: 0.1s
[2025-06-18 14:34:43] [javac-extractor-14334] Total time: 2.4s
